<?xml version="1.0" encoding="UTF-8"?>
<!-- Generated by org.testng.reporters.JUnitXMLReporter -->
<testsuite ignored="0" hostname="DESKTOP-BITAJKN" failures="0" tests="4" name="Test" time="110.708" errors="0" timestamp="2023-08-30T15:08:21 IST">
  <testcase classname="testNG.Practice.CreateOrganizationWithOrganizationWithIndustryMultipleDataFromDataProvider2AndBaseClass" name="createOrganizationwithIndustry" time="15.734"/>
  <testcase classname="testNG.Practice.CreateOrganizationWithOrganizationWithIndustryMultipleDataFromDataProvider2AndBaseClass" name="createOrganizationwithIndustry" time="17.428"/>
  <testcase classname="testNG.Practice.CreateOrganizationWithOrganizationWithIndustryMultipleDataFromDataProvider2AndBaseClass" name="createOrganizationwithIndustry" time="16.585"/>
  <testcase classname="testNG.Practice.CreateOrganizationWithOrganizationWithIndustryMultipleDataFromDataProvider2AndBaseClass" name="createOrganizationwithIndustry" time="15.8"/>
</testsuite> <!-- Test -->
