<?xml version="1.0" encoding="UTF-8"?>
<testng-results ignored="0" total="1" passed="1" failed="0" skipped="0">
  <reporter-output>
  </reporter-output>
  <suite started-at="2023-09-11T14:58:23 IST" name="Default suite" finished-at="2023-09-11T14:58:23 IST" duration-ms="202">
    <groups>
    </groups>
    <test started-at="2023-09-11T14:58:23 IST" name="Default test" finished-at="2023-09-11T14:58:23 IST" duration-ms="202">
      <class name="testNG.Practice.ReadDataFromCommandLine">
        <test-method signature="readData()[pri:0, instance:testNG.Practice.ReadDataFromCommandLine@505fc5a4]" started-at="2023-09-11T14:58:23 IST" name="readData" finished-at="2023-09-11T14:58:23 IST" duration-ms="31" status="PASS">
          <reporter-output>
          </reporter-output>
        </test-method> <!-- readData -->
      </class> <!-- testNG.Practice.ReadDataFromCommandLine -->
    </test> <!-- Default test -->
  </suite> <!-- Default suite -->
</testng-results>
